<?xml version="1.0" encoding="UTF-8"?>
<!-- Generated by org.testng.reporters.JUnitReportReporter -->
<testsuite hostname="DESKTOP-HFBULM9" failures="0" tests="1" name="testCases.TC002_LoginTest" time="1.986" errors="0" timestamp="2024-08-18T12:27:20 IST" skipped="0">
  <testcase classname="testCases.TC002_LoginTest" name="verify_login" time="1.986"/>
</testsuite> <!-- testCases.TC002_LoginTest -->
