<?xml version="1.0" encoding="UTF-8"?>
<!-- Generated by org.testng.reporters.JUnitReportReporter -->
<testsuite hostname="DESKTOP-HFBULM9" failures="0" tests="1" name="testClass.TC001_AccountRegistrationTest" time="2.520" errors="0" timestamp="2024-08-15T13:25:40 IST" skipped="0">
  <testcase classname="testClass.TC001_AccountRegistrationTest" name="verify_account_registration" time="2.520"/>
</testsuite> <!-- testClass.TC001_AccountRegistrationTest -->
