<?xml version="1.0" encoding="UTF-8"?>
<!-- Generated by org.testng.reporters.JUnitReportReporter -->
<testsuite hostname="DESKTOP-HFBULM9" failures="0" tests="1" name="testCases.TC001_AccountRegistrationTest" time="3.706" errors="0" timestamp="2024-08-18T12:06:53 IST" skipped="0">
  <testcase classname="testCases.TC001_AccountRegistrationTest" name="verify_account_registration" time="3.706"/>
</testsuite> <!-- testCases.TC001_AccountRegistrationTest -->
